<?xml version="1.0" encoding="UTF-8"?>
<beans xmlns="http://www.springframework.org/schema/beans"
    xmlns:context="http://www.springframework.org/schema/context"
    xmlns:xsi="http://www.w3.org/2001/XMLSchema-instance"
    xsi:schemaLocation="http://www.springframework.org/schema/beans http://www.springframework.org/schema/beans/spring-beans.xsd
                        http://www.springframework.org/schema/context http://www.springframework.org/schema/context/spring-context.xsd">
    
    <!-- Create beans for @Configuration classes which specify component scanning -->
    <context:annotation-config/>
    <bean class="org.opentestsystem.authoring.testspecbank.client.config.TestSpecBankClientConfigScanner"/>
    <bean class="org.opentestsystem.authoring.testspecbank.client.init.config.TestSpecBankClientContextConfigScanner"/>

</beans>
